This is e-pTeX, Version 3.14159265-p3.6-141210-2.6 (utf8.euc) (TeX Live 2015) (preloaded format=platex 2016.1.17)  31 MAR 2016 00:10
entering extended mode
 restricted \write18 enabled.
 %&-line parsing enabled.
**thesis_sample.tex
(./thesis_sample.tex
pLaTeX2e <2006/11/10> (based on LaTeX2e <2015/01/01> patch level 0)
Babel <3.9l> and hyphenation patterns for 79 languages loaded.
(/usr/local/texlive/2015/texmf-dist/tex/platex/jsclasses/jsarticle.cls
Document Class: jsarticle 2014/02/07 okumura
LaTeX Info: Redefining \rmfamily on input line 352.
LaTeX Info: Redefining \sffamily on input line 355.
LaTeX Info: Redefining \ttfamily on input line 358.
\symmincho=\mathgroup4
LaTeX Font Info:    Overwriting symbol font `mincho' in version `bold'
(Font)                  JY1/mc/m/n --> JY1/gt/m/n on input line 423.
LaTeX Font Info:    Font shape `JT1/mc/m/n' will be
(Font)              scaled to size 9.60999pt on input line 613.
LaTeX Font Info:    Font shape `JY1/mc/m/n' will be
(Font)              scaled to size 9.60999pt on input line 613.
\fullwidth=\dimen118
LaTeX Font Info:    Font shape `JT1/mc/m/n' will be
(Font)              scaled to size 7.68799pt on input line 760.
LaTeX Font Info:    Font shape `JY1/mc/m/n' will be
(Font)              scaled to size 7.68799pt on input line 760.
\c@part=\count81
\c@section=\count82
\c@subsection=\count83
\c@subsubsection=\count84
\c@paragraph=\count85
\c@subparagraph=\count86
\@abstractbox=\box41
\c@figure=\count87
\c@table=\count88
\abovecaptionskip=\skip41
\belowcaptionskip=\skip42
\js@tocl@width=\dimen119
\@lnumwidth=\dimen120
\bibindent=\dimen121
LaTeX Info: Redefining \TeX on input line 1731.
LaTeX Info: Redefining \LaTeX on input line 1757.
LaTeX Info: Redefining \LaTeXe on input line 1782.
\heisei=\count89
) (/usr/local/texlive/2015/texmf-dist/tex/latex/graphics/graphicx.sty
Package: graphicx 2014/10/28 v1.0g Enhanced LaTeX Graphics (DPC,SPQR)

(/usr/local/texlive/2015/texmf-dist/tex/latex/graphics/keyval.sty
Package: keyval 2014/10/28 v1.15 key=value parser (DPC)
\KV@toks@=\toks15
)
(/usr/local/texlive/2015/texmf-dist/tex/latex/graphics/graphics.sty
Package: graphics 2014/10/28 v1.0p Standard LaTeX Graphics (DPC,SPQR)

(/usr/local/texlive/2015/texmf-dist/tex/latex/graphics/trig.sty
Package: trig 1999/03/16 v1.09 sin cos tan (DPC)
)
(/usr/local/texlive/2015/texmf-dist/tex/latex/latexconfig/graphics.cfg
File: graphics.cfg 2010/04/23 v1.9 graphics configuration of TeX Live
)
Package graphics Info: Driver file: dvips.def on input line 94.

(/usr/local/texlive/2015/texmf-dist/tex/latex/graphics/dvips.def
File: dvips.def 2014/10/14 v3.0j Driver-dependent file (DPC,SPQR)
))
\Gin@req@height=\dimen122
\Gin@req@width=\dimen123
)

! LaTeX Error: File `sty/ib_thesis.sty' not found.

Type X to quit or <RETURN> to proceed,
or enter new name. (Default extension: sty)

Enter file name: 
(/usr/local/texlive/2015/texmf-dist/tex/platex/base/ascmac.sty
(/usr/local/texlive/2015/texmf-dist/tex/platex/base/tascmac.sty
\@savetbaselineshift=\dimen124
\@saveybaselineshift=\dimen125
\scb@x=\box42
\scscb@x=\box43
\@bw=\dimen126
\@nbox=\box44
\@nbody=\box45
\@scw=\dimen127
\@itemh=\dimen128
\@iboxpos=\toks16
\@iboxstr=\box46
\@bwsp=\box47
\@@bwsp=\box48
\@bcal=\count90
\shaderule=\dimen129
))
(/usr/local/texlive/2015/texmf-dist/tex/latex/url/url.sty
\Urlmuskip=\muskip10
Package: url 2013/09/16  ver 3.4  Verb mode for urls, etc.
)
(/usr/local/texlive/2015/texmf-dist/tex/latex/comment/comment.sty
\CommentStream=\write3

Excluding comment 'comment')
! Undefined control sequence.
l.22 \supervisor
                {萩原 信吾} %指導教員名
? 

! LaTeX Error: Missing \begin{document}.

See the LaTeX manual or LaTeX Companion for explanation.
Type  H <return>  for immediate help.
 ...                                              
                                                  
l.22 \supervisor{萩
                   原 信吾} %指導教員名
? 
! Undefined control sequence.
l.23 \fyear
           {27}             %所属年度
? 
! Undefined control sequence.
l.24 \submit
            {28}{2}{29}    %提出和暦，月，日
? 
No file thesis_sample.aux.
\openout1 = `thesis_sample.aux'.

LaTeX Font Info:    Checking defaults for OML/cmm/m/it on input line 28.
LaTeX Font Info:    ... okay on input line 28.
LaTeX Font Info:    Checking defaults for T1/cmr/m/n on input line 28.
LaTeX Font Info:    ... okay on input line 28.
LaTeX Font Info:    Checking defaults for OT1/cmr/m/n on input line 28.
LaTeX Font Info:    ... okay on input line 28.
LaTeX Font Info:    Checking defaults for OMS/cmsy/m/n on input line 28.
LaTeX Font Info:    ... okay on input line 28.
LaTeX Font Info:    Checking defaults for OMX/cmex/m/n on input line 28.
LaTeX Font Info:    ... okay on input line 28.
LaTeX Font Info:    Checking defaults for U/cmr/m/n on input line 28.
LaTeX Font Info:    ... okay on input line 28.
LaTeX Font Info:    Checking defaults for JY1/mc/m/n on input line 28.
LaTeX Font Info:    ... okay on input line 28.
LaTeX Font Info:    Checking defaults for JT1/mc/m/n on input line 28.
LaTeX Font Info:    ... okay on input line 28.
[1

]
LaTeX Font Info:    Font shape `JT1/mc/m/n' will be
(Font)              scaled to size 16.60605pt on input line 33.
LaTeX Font Info:    Font shape `JY1/mc/m/n' will be
(Font)              scaled to size 16.60605pt on input line 33.
LaTeX Font Info:    Font shape `JT1/mc/m/n' will be
(Font)              scaled to size 11.53198pt on input line 33.
LaTeX Font Info:    Font shape `JY1/mc/m/n' will be
(Font)              scaled to size 11.53198pt on input line 33.
LaTeX Font Info:    External font `cmex10' loaded for size
(Font)              <12> on input line 33.
LaTeX Font Info:    External font `cmex10' loaded for size
(Font)              <8> on input line 33.
LaTeX Font Info:    External font `cmex10' loaded for size
(Font)              <6> on input line 33.
LaTeX Font Info:    Font shape `JY1/mc/m/n' will be
(Font)              scaled to size 5.76599pt on input line 33.

! Undefined control sequence.
l.36  \jabstract
                {
? 
! Undefined control sequence.
l.47  \eabstract
                {
? 
! Undefined control sequence.
l.61  \makeabstract
                   
? 
[2

]
LaTeX Font Info:    Font shape `JT1/gt/m/n' will be
(Font)              scaled to size 9.60999pt on input line 65.
LaTeX Font Info:    Font shape `JY1/gt/m/n' will be
(Font)              scaled to size 9.60999pt on input line 65.
LaTeX Font Info:    Font shape `JT1/mc/m/n' will be
(Font)              scaled to size 13.83836pt on input line 65.
LaTeX Font Info:    Font shape `JY1/mc/m/n' will be
(Font)              scaled to size 13.83836pt on input line 65.
LaTeX Font Info:    Font shape `JT1/gt/m/n' will be
(Font)              scaled to size 13.83836pt on input line 65.
LaTeX Font Info:    Font shape `JY1/gt/m/n' will be
(Font)              scaled to size 13.83836pt on input line 65.

No file thesis_sample.toc.
\tf@toc=\write4
\openout4 = `thesis_sample.toc'.

[3]
LaTeX Font Info:    Try loading font information for OMS+cmr on input line 99.
 (/usr/local/texlive/2015/texmf-dist/tex/latex/base/omscmr.fd
File: omscmr.fd 2014/09/29 v2.5h Standard LaTeX font definitions
)
LaTeX Font Info:    Font shape `OMS/cmr/m/n' in size <10> not available
(Font)              Font shape `OMS/cmsy/m/n' tried instead on input line 99.
LaTeX Font Info:    External font `cmex10' loaded for size
(Font)              <7> on input line 99.
LaTeX Font Info:    External font `cmex10' loaded for size
(Font)              <5> on input line 99.
LaTeX Font Info:    Font shape `JY1/mc/m/n' will be
(Font)              scaled to size 6.72699pt on input line 99.
LaTeX Font Info:    Font shape `JY1/mc/m/n' will be
(Font)              scaled to size 4.805pt on input line 99.
LaTeX Font Info:    Font shape `JT1/mc/m/n' will be
(Font)              scaled to size 6.72699pt on input line 99.
 [1]
! Undefined control sequence.
l.117 \sref
           {sec:begin} では、本研究の背景及び目的を記述した。
? 
! Undefined control sequence.
l.118 \sref
           {sec:relatedworks} では、本研究を行うにあたって参考にした文献・研...

? 
! Undefined control sequence.
l.119 \sref
           {sec:def} では、本研究で用いるベイズ推定について記述する。
? 
! Undefined control sequence.
l.120 \sref
           {sec:tools}では、本研究で用いる自然言語処理の基礎技術について記述...

? 
! Undefined control sequence.
l.121 \sref
           {sec:system}では、本研究で構築した顔文字自動付与システムの構築手...
? 
! Undefined control sequence.
l.122 \sref
           {sec:experiment}では、精度検証実験の手順とその結果を記述する。
? 
! Undefined control sequence.
l.123 \sref
           {sec:summary}では、本論文のまとめを記述する。
? 
! Undefined control sequence.
l.132 ...書を用いて文からの感情抽出を行った\ibcite
                                                  {suga}。
? 
LaTeX Font Info:    Font shape `JT1/mc/m/n' will be
(Font)              scaled to size 5.76599pt on input line 135.
! Undefined control sequence.
l.138 ...パスを用いて文単位に感情を抽出した\ibcite
                                                  {matsumoto}。
? 
! Undefined control sequence.
l.142 ...、半自動的に感情コーパスを作成した\ibcite
                                                  {funane}。
? 
! Undefined control sequence.
l.148 ...の語に基づく感情分類手法を提案した\ibcite
                                                  {yamamoto}。
? 
[2]
! Undefined control sequence.
l.154 ...ストの感情推定に関する研究を行った\ibcite
                                                  {shinoyama}。
? 
! Undefined control sequence.
l.159 ...て、Ptaszynski らの CAO システム \ibcite
                                                 {cao}があげられる。
? 
! Undefined control sequence.
l.168 ...r の文に絵文字を推薦する研究がある\ibcite
                                                  {hashimoto}。
? 
! Undefined control sequence.
l.171 ...徳久らの研究から明らかになっている\ibcite
                                                  {tokuhisa}。
? 
LaTeX Font Info:    Font shape `JT1/gt/m/n' will be
(Font)              scaled to size 11.53198pt on input line 180.
LaTeX Font Info:    Font shape `JY1/gt/m/n' will be
(Font)              scaled to size 11.53198pt on input line 180.
[3] [4]
! Undefined control sequence.
l.241 MeCab \ibcite
                   {mecab} は、奈良先端科学技術大学院大学が開発したオープン...
? 
! Undefined control sequence.
l.243 MeCab 用の基本的な辞書として IPA 辞書\ibcite
                                                  {ipa}や JUMAN 辞書\ibcite{...

? 
! Undefined control sequence.
l.243 ... IPA 辞書\ibcite{ipa}や JUMAN 辞書\ibcite
                                                  {juman}、UniDic 辞書\ibcit...

? 
! Undefined control sequence.
l.243 ...AN 辞書\ibcite{juman}、UniDic 辞書\ibcite
                                                  {unidic}がある。
? 
[5] [6]
! Undefined control sequence.
l.308 そこで、\ssref
                    {sec:defbayes}では、ベイズ推定とベイズの定理を説明する。
? 
! Undefined control sequence.
l.309 \ssref
            {sec:defnaivebayes}では、本研究で用いたナイーブベイズ分類につい...
? 
[7]
LaTeX Font Info:    Font shape `JT1/mc/bx/n' in size <10> not available
(Font)              Font shape `JT1/gt/m/n' tried instead on input line 341.
LaTeX Font Info:    Font shape `JT1/gt/m/n' will be
(Font)              scaled to size 9.60999pt on input line 341.
LaTeX Font Info:    Font shape `JY1/mc/bx/n' in size <10> not available
(Font)              Font shape `JY1/gt/m/n' tried instead on input line 341.
LaTeX Font Info:    Font shape `JY1/gt/m/n' will be
(Font)              scaled to size 9.60999pt on input line 341.


LaTeX Warning: Reference `pb' on page 8 undefined on input line 341.


LaTeX Warning: Reference `pab' on page 8 undefined on input line 341.


LaTeX Warning: Reference `pba' on page 8 undefined on input line 341.


LaTeX Warning: Reference `shiki1' on page 8 undefined on input line 378.


LaTeX Warning: Reference `shiki2' on page 8 undefined on input line 378.


LaTeX Warning: Reference `shiki3' on page 8 undefined on input line 386.


LaTeX Warning: Reference `shiki4' on page 8 undefined on input line 386.

[8] [9]
! Undefined control sequence.
l.475 まず、顔文字自動付与システムの手順を\fref
                                               {fig:system}に示す。
? 

LaTeX Warning: File `./system.eps' not found on input line 478.


! LaTeX Error: File `./system.eps' not found.

See the LaTeX manual or LaTeX Companion for explanation.
Type  H <return>  for immediate help.
 ...                                              
                                                  
l.478   \includegraphics[scale=0.21]{./system.eps}
                                                  
? 

! LaTeX Error: Cannot determine size of graphic in ./system.eps (no BoundingBox
).

See the LaTeX manual or LaTeX Companion for explanation.
Type  H <return>  for immediate help.
 ...                                              
                                                  
l.478   \includegraphics[scale=0.21]{./system.eps}
                                                  
? 
File: ./system.eps Graphic file (type eps)
<./system.eps>
LaTeX Font Info:    Font shape `JT1/mc/m/n' will be
(Font)              scaled to size 8.64899pt on input line 479.
LaTeX Font Info:    Font shape `JY1/mc/m/n' will be
(Font)              scaled to size 8.64899pt on input line 479.
 [10] [11]
! Undefined control sequence.
l.545 ...値を用いるスムージングが行われる~\ibcite
                                                 {textmining}。
? 
! Undefined control sequence.
l.560 まず、確率付き感情語辞書の構築手順を\fref
                                               {fig:kanjogo}に示す。
? 

LaTeX Warning: File `kanjogo.eps' not found on input line 564.


! LaTeX Error: File `kanjogo.eps' not found.

See the LaTeX manual or LaTeX Companion for explanation.
Type  H <return>  for immediate help.
 ...                                              
                                                  
l.564   \includegraphics[scale=0.21]{kanjogo.eps}
                                                 
? 

! LaTeX Error: Cannot determine size of graphic in kanjogo.eps (no BoundingBox)
.

See the LaTeX manual or LaTeX Companion for explanation.
Type  H <return>  for immediate help.
 ...                                              
                                                  
l.564   \includegraphics[scale=0.21]{kanjogo.eps}
                                                 
? q
OK, entering \batchmode...
File: kanjogo.eps Graphic file (type eps)
 <kanjogo.eps>

LaTeX Warning: `h' float specifier changed to `ht'.

 [12] [13] [14]
! Undefined control sequence.
l.672 確率付き顔文字辞書とは、\ssref
                                    {sec:tweetcorpus}で作成した確率付き感情...
The control sequence at the end of the top line
of your error message was never \def'ed. If you have
misspelled it (e.g., `\hobx'), type `I' and the correct
spelling (e.g., `I\hbox'). Otherwise just continue,
and I'll forget about whatever was undefined.

! Undefined control sequence.
l.674 ...、確率付き顔文字辞書を構築する手順を\fref
                                                  {fig:kaomoji}に示す。
The control sequence at the end of the top line
of your error message was never \def'ed. If you have
misspelled it (e.g., `\hobx'), type `I' and the correct
spelling (e.g., `I\hbox'). Otherwise just continue,
and I'll forget about whatever was undefined.


LaTeX Warning: File `kaomoji.eps' not found on input line 678.


! LaTeX Error: File `kaomoji.eps' not found.

See the LaTeX manual or LaTeX Companion for explanation.
Type  H <return>  for immediate help.
 ...                                              
                                                  
l.678   \includegraphics[scale=0.21]{kaomoji.eps}
                                                 
Try typing  <return>  to proceed.
If that doesn't work, type  X <return>  to quit.


! LaTeX Error: Cannot determine size of graphic in kaomoji.eps (no BoundingBox)
.

See the LaTeX manual or LaTeX Companion for explanation.
Type  H <return>  for immediate help.
 ...                                              
                                                  
l.678   \includegraphics[scale=0.21]{kaomoji.eps}
                                                 
Try typing  <return>  to proceed.
If that doesn't work, type  X <return>  to quit.

File: kaomoji.eps Graphic file (type eps)
 <kaomoji.eps> [15] [16]
Underfull \hbox (badness 10000) in paragraph at lines 780--783
[]\OT1/cmtt/m/n/10 (^\JY1/gt/m/n/10 ○\OT1/cmtt/m/n/10 ^)\OT1/cmr/m/n/10 , \JY1
/mc/m/n/10 喜\OT1/cmr/m/n/10 ,6.074e-116,6.074e-116,3.0684e-118,1.376e-119,1.49
3e-118,1.380e-118,9.310e-
 []


Underfull \hbox (badness 10000) in paragraph at lines 780--783
[]\OT1/cmtt/m/n/10 ( \JY1/gt/m/n/10 ； ▽ ； \OT1/cmtt/m/n/10 )\OT1/cmr/m/n/10 
, \JY1/mc/m/n/10 悲\OT1/cmr/m/n/10 ,2.093e-182,8.68e-185,2.093e-182,6.725e-187,
1.920e-186,2.223e-186,1.52e-
 []


Underfull \hbox (badness 10000) in paragraph at lines 780--783
[]\OT1/cmtt/m/n/10 (\JY1/gt/m/n/10 ´ ・ ω ・ \OT1/cmtt/m/n/10 `)\OT1/cmr/m/n/
10 , \JY1/mc/m/n/10 不安\OT1/cmr/m/n/10 ,4.031e-08,3.044e-08,3.472e-08,1.731e-0
8,1.731e-08,2.699e-08,4.031e-
 []

! Undefined control sequence.
l.788 このシステムでは、\sref
                             {sec:system}\ssref{sec:tweetcorpus}で作成した確...
The control sequence at the end of the top line
of your error message was never \def'ed. If you have
misspelled it (e.g., `\hobx'), type `I' and the correct
spelling (e.g., `I\hbox'). Otherwise just continue,
and I'll forget about whatever was undefined.

! Undefined control sequence.
l.788 このシステムでは、\sref{sec:system}\ssref
                                               {sec:tweetcorpus}で作成した確...
The control sequence at the end of the top line
of your error message was never \def'ed. If you have
misspelled it (e.g., `\hobx'), type `I' and the correct
spelling (e.g., `I\hbox'). Otherwise just continue,
and I'll forget about whatever was undefined.

! Undefined control sequence.
l.788 ...pus}で作成した確率付き感情語辞書と、\sref
                                                  {sec:system}\ssref{sec:kao...
The control sequence at the end of the top line
of your error message was never \def'ed. If you have
misspelled it (e.g., `\hobx'), type `I' and the correct
spelling (e.g., `I\hbox'). Otherwise just continue,
and I'll forget about whatever was undefined.

! Undefined control sequence.
l.788 ...付き感情語辞書と、\sref{sec:system}\ssref
                                                  {sec:kaomojidic}で作成した...
The control sequence at the end of the top line
of your error message was never \def'ed. If you have
misspelled it (e.g., `\hobx'), type `I' and the correct
spelling (e.g., `I\hbox'). Otherwise just continue,
and I'll forget about whatever was undefined.

 [17] [18] [19] [20] [21]
! Undefined control sequence.
l.1003 この問題を解決するために、高島 \ibcite
                                             {takashima} の研究を参考に、顔...
The control sequence at the end of the top line
of your error message was never \def'ed. If you have
misspelled it (e.g., `\hobx'), type `I' and the correct
spelling (e.g., `I\hbox'). Otherwise just continue,
and I'll forget about whatever was undefined.

 [22]
! Undefined control sequence.
l.1017 ...の感情推定における若者言葉の影響 \ibcite
                                                  {wakamono} の研究が行われた。
The control sequence at the end of the top line
of your error message was never \def'ed. If you have
misspelled it (e.g., `\hobx'), type `I' and the correct
spelling (e.g., `I\hbox'). Otherwise just continue,
and I'll forget about whatever was undefined.

 [23]
! Undefined control sequence.
l.1080 ...るために、係り受け解析器 Cabocha \ibcite
                                                  {cabocha}を用いた係り受け...
The control sequence at the end of the top line
of your error message was never \def'ed. If you have
misspelled it (e.g., `\hobx'), type `I' and the correct
spelling (e.g., `I\hbox'). Otherwise just continue,
and I'll forget about whatever was undefined.

 [24]
! Undefined control sequence.
l.1123 \sref
            {sec:begin}では、本研究の背景と目的を述べた。背景には、スマート...
The control sequence at the end of the top line
of your error message was never \def'ed. If you have
misspelled it (e.g., `\hobx'), type `I' and the correct
spelling (e.g., `I\hbox'). Otherwise just continue,
and I'll forget about whatever was undefined.

! Undefined control sequence.
l.1126 \sref
            {sec:relatedworks}では、本研究を行う上で参考にした、感情推定及び...
The control sequence at the end of the top line
of your error message was never \def'ed. If you have
misspelled it (e.g., `\hobx'), type `I' and the correct
spelling (e.g., `I\hbox'). Otherwise just continue,
and I'll forget about whatever was undefined.

! Undefined control sequence.
l.1130 \sref
            {sec:tools}では、感情推定における自然言語処理の基礎技術を説明した。
The control sequence at the end of the top line
of your error message was never \def'ed. If you have
misspelled it (e.g., `\hobx'), type `I' and the correct
spelling (e.g., `I\hbox'). Otherwise just continue,
and I'll forget about whatever was undefined.

! Undefined control sequence.
l.1134 \sref
            {sec:def}では、ベイズ推定とナイーブベイズ分類を説明した。
The control sequence at the end of the top line
of your error message was never \def'ed. If you have
misspelled it (e.g., `\hobx'), type `I' and the correct
spelling (e.g., `I\hbox'). Otherwise just continue,
and I'll forget about whatever was undefined.

! Undefined control sequence.
l.1137 \sref
            {sec:system}では、ナイーブベイズ分類を用いて、先行研究の感情コー...
The control sequence at the end of the top line
of your error message was never \def'ed. If you have
misspelled it (e.g., `\hobx'), type `I' and the correct
spelling (e.g., `I\hbox'). Otherwise just continue,
and I'll forget about whatever was undefined.

! Undefined control sequence.
l.1141 \sref
            {sec:experiment}では、顔文字自動付与システムの精度を検証するため...
The control sequence at the end of the top line
of your error message was never \def'ed. If you have
misspelled it (e.g., `\hobx'), type `I' and the correct
spelling (e.g., `I\hbox'). Otherwise just continue,
and I'll forget about whatever was undefined.

 [25] [26]
No file thesis_sample.bbl.
 (./thesis_sample.aux)

LaTeX Warning: There were undefined references.


LaTeX Warning: Label(s) may have changed. Rerun to get cross-references right.

 ) 
Here is how much of TeX's memory you used:
 965 strings out of 493777
 11385 string characters out of 6151334
 79522 words of memory out of 5000000
 4478 multiletter control sequences out of 15000+600000
 16869 words of font info for 75 fonts, out of 8000000 for 9000
 934 hyphenation exceptions out of 8191
 26i,13n,25p,295b,318s stack positions out of 5000i,500n,10000p,200000b,80000s

Output written on thesis_sample.dvi (29 pages, 110640 bytes).
